d:\visual studio\projects\wf++\formsofrepresentation\formsofrepresentation\debug\vc142.pdb
d:\visual studio\projects\wf++\formsofrepresentation\formsofrepresentation\debug\.netframework,version=v4.7.2.assemblyattributes.obj
d:\visual studio\projects\wf++\formsofrepresentation\formsofrepresentation\debug\workwithimages.obj
d:\visual studio\projects\wf++\formsofrepresentation\formsofrepresentation\debug\totallyoverkill.obj
d:\visual studio\projects\wf++\formsofrepresentation\formsofrepresentation\debug\multistart.obj
d:\visual studio\projects\wf++\formsofrepresentation\formsofrepresentation\debug\main.obj
d:\visual studio\projects\wf++\formsofrepresentation\formsofrepresentation\debug\imagecombiner.obj
d:\visual studio\projects\wf++\formsofrepresentation\formsofrepresentation\debug\formnoise.obj
d:\visual studio\projects\wf++\formsofrepresentation\formsofrepresentation\debug\formmain.obj
d:\visual studio\projects\wf++\formsofrepresentation\formsofrepresentation\debug\fmainmanager.obj
d:\visual studio\projects\wf++\formsofrepresentation\formsofrepresentation\debug\criterionfunction.obj
d:\visual studio\projects\wf++\formsofrepresentation\formsofrepresentation\debug\constructions.obj
d:\visual studio\projects\wf++\formsofrepresentation\formsofrepresentation\debug\clipping.obj
d:\visual studio\projects\wf++\formsofrepresentation\formsofrepresentation\debug\formsofrepresentation.clipping.resources
d:\visual studio\projects\wf++\formsofrepresentation\formsofrepresentation\debug\formsofrepresentation.formmain.resources
d:\visual studio\projects\wf++\formsofrepresentation\formsofrepresentation\debug\formsofrepresentation.formnoise.resources
d:\visual studio\projects\wf++\formsofrepresentation\debug\formsofrepresentation.exe
d:\visual studio\projects\wf++\formsofrepresentation\debug\formsofrepresentation.pdb
d:\visual studio\projects\wf++\formsofrepresentation\formsofrepresentation\debug\formsofr.6b6167b2.tlog\cl.command.1.tlog
d:\visual studio\projects\wf++\formsofrepresentation\formsofrepresentation\debug\formsofr.6b6167b2.tlog\cl.read.1.tlog
d:\visual studio\projects\wf++\formsofrepresentation\formsofrepresentation\debug\formsofr.6b6167b2.tlog\cl.write.1.tlog
d:\visual studio\projects\wf++\formsofrepresentation\formsofrepresentation\debug\formsofr.6b6167b2.tlog\formsofrepresentation.write.1u.tlog
d:\visual studio\projects\wf++\formsofrepresentation\formsofrepresentation\debug\formsofr.6b6167b2.tlog\link.command.1.tlog
d:\visual studio\projects\wf++\formsofrepresentation\formsofrepresentation\debug\formsofr.6b6167b2.tlog\link.read.1.tlog
d:\visual studio\projects\wf++\formsofrepresentation\formsofrepresentation\debug\formsofr.6b6167b2.tlog\link.write.1.tlog
d:\visual studio\projects\wf++\formsofrepresentation\formsofrepresentation\debug\formsofr.6b6167b2.tlog\metagen.read.1.tlog
d:\visual studio\projects\wf++\formsofrepresentation\formsofrepresentation\debug\formsofr.6b6167b2.tlog\metagen.write.1.tlog
